\BOOKMARK [0][-]{Doc-Start}{\376\377\000\315\000n\000d\000i\000c\000e\000\040\000d\000e\000\040\000f\000i\000g\000u\000r\000a\000s}{}% 1
\BOOKMARK [0][-]{Doc-Start}{\376\377\000\315\000n\000d\000i\000c\000e\000\040\000d\000e\000\040\000c\000u\000a\000d\000r\000o\000s}{}% 2
\BOOKMARK [0][-]{Doc-Start}{\376\377\000\315\000n\000d\000i\000c\000e\000\040\000d\000e\000\040\000e\000c\000u\000a\000c\000i\000o\000n\000e\000s}{}% 3
\BOOKMARK [0][-]{Doc-Start}{\376\377\000\315\000n\000d\000i\000c\000e\000\040\000a\000l\000f\000a\000b\000\351\000t\000i\000c\000o}{}% 4
\BOOKMARK [0][-]{chapter.1}{\376\377\000F\000u\000n\000d\000a\000m\000e\000n\000t\000o\000s\000\040\000b\000\341\000s\000i\000c\000o\000s}{}% 5
\BOOKMARK [1][-]{section.1.1}{\376\377\000Q\000u\000\351\000\040\000e\000s\000\040\000u\000n\000\040\000s\000e\000g\000u\000i\000d\000o\000r\000\040\000d\000e\000\040\000l\000\355\000n\000e\000a\000?\000\040}{chapter.1}% 6
\BOOKMARK [1][-]{section.1.2}{\376\377\000C\000a\000t\000e\000g\000o\000r\000\355\000a\000s\000\040\000e\000n\000\040\000u\000n\000a\000\040\000c\000o\000m\000p\000e\000t\000e\000n\000c\000i\000a\000\040\000d\000e\000\040\000s\000e\000g\000u\000i\000d\000o\000r\000e\000s\000\040\000d\000e\000\040\000l\000\355\000n\000e\000a}{chapter.1}% 7
\BOOKMARK [2][-]{subsection.1.2.1}{\376\377\000V\000e\000l\000o\000c\000i\000d\000a\000d}{section.1.2}% 8
\BOOKMARK [2][-]{subsection.1.2.2}{\376\377\000P\000r\000e\000c\000i\000s\000i\000\363\000n}{section.1.2}% 9
\BOOKMARK [2][-]{subsection.1.2.3}{\376\377\000O\000b\000s\000t\000\341\000c\000u\000l\000o\000s}{section.1.2}% 10
\BOOKMARK [2][-]{subsection.1.2.4}{\376\377\000L\000a\000b\000e\000r\000i\000n\000t\000o}{section.1.2}% 11
\BOOKMARK [1][-]{section.1.3}{\376\377\000S\000e\000n\000s\000o\000r\000e\000s\000\040\000p\000a\000r\000a\000\040\000s\000e\000g\000u\000i\000d\000o\000r\000e\000s\000\040\000d\000e\000\040\000l\000\355\000n\000e\000a}{chapter.1}% 12
\BOOKMARK [2][-]{subsection.1.3.1}{\376\377\000S\000e\000n\000s\000o\000r\000\040\000i\000n\000f\000r\000a\000r\000r\000o\000j\000o}{section.1.3}% 13
\BOOKMARK [3][-]{subsubsection.1.3.1.1}{\376\377\000D\000i\000f\000e\000r\000e\000n\000c\000i\000a\000s}{subsection.1.3.1}% 14
\BOOKMARK [3][-]{subsubsection.1.3.1.2}{\376\377\000S\000e\000n\000s\000o\000r\000e\000s\000\040\000m\000\341\000s\000\040\000u\000s\000a\000d\000o\000s}{subsection.1.3.1}% 15
\BOOKMARK [3][-]{subsubsection.1.3.1.3}{\376\377\000R\000e\000g\000l\000e\000t\000a\000s\000\040\000d\000e\000\040\000s\000e\000n\000s\000o\000r\000e\000s}{subsection.1.3.1}% 16
\BOOKMARK [3][-]{subsubsection.1.3.1.4}{\376\377\000\277\000Q\000u\000\351\000\040\000p\000a\000s\000a\000\040\000s\000i\000\040\000t\000e\000n\000g\000o\000\040\000u\000n\000a\000\040\000r\000e\000g\000l\000e\000t\000a\000\040\000d\000e\000\040\0001\0006\000\040\000s\000e\000n\000s\000o\000r\000e\000s\000\040\000y\000\040\000m\000i\000\040\000a\000r\000d\000u\000i\000n\000o\000\040\000n\000a\000n\000o\000\040\000n\000o\000\040\000t\000i\000e\000n\000e\000\040\0001\0006\000\040\000e\000n\000t\000r\000a\000d\000a\000s\000\040\000a\000n\000a\000l\000\363\000g\000i\000c\000a\000s\000?\000\040}{subsection.1.3.1}% 17
\BOOKMARK [3][-]{subsubsection.1.3.1.5}{\376\377\000S\000e\000n\000s\000o\000r\000e\000s\000\040\000m\000\341\000s\000\040\000u\000s\000a\000d\000o\000s}{subsection.1.3.1}% 18
\BOOKMARK [0][-]{section*.10}{\376\377\000T\000a\000b\000l\000a\000\040\000d\000e\000\040\000a\000n\000e\000x\000o\000s}{}% 19
\BOOKMARK [0][-]{appendix.1.Alph1}{\376\377\000A\000p\000\351\000n\000d\000i\000c\000e\000\040\000P\000r\000i\000m\000e\000r\000\040\000a\000n\000e\000x\000o}{}% 20
